<?xml version="1.0" encoding="UTF-8"?>
<testng-results skipped="0" failed="0" ignored="0" total="2" passed="2">
  <reporter-output>
  </reporter-output>
  <suite name=" Automation Suite" duration-ms="99957" started-at="2019-07-26T08:10:04Z" finished-at="2019-07-26T08:11:44Z">
    <groups>
      <group name="Sanity">
        <method signature="LoginPageTest.loginFaceBook()[pri:0, instance:com.facebook.qa.testcases.LoginPageTest@d8355a8]" name="loginFaceBook" class="com.facebook.qa.testcases.LoginPageTest"/>
      </group> <!-- Sanity -->
    </groups>
    <test name="Practical Assessment" duration-ms="99957" started-at="2019-07-26T08:10:04Z" finished-at="2019-07-26T08:11:44Z">
      <class name="com.facebook.qa.testcases.HomePageTest">
        <test-method status="PASS" signature="setUp()[pri:0, instance:com.facebook.qa.testcases.HomePageTest@59fa1d9b]" name="setUp" is-config="true" duration-ms="19376" started-at="2019-07-26T08:10:52Z" finished-at="2019-07-26T08:11:12Z">
          <reporter-output>
          </reporter-output>
        </test-method> <!-- setUp -->
        <test-method status="PASS" signature="verifyPostMessage()[pri:0, instance:com.facebook.qa.testcases.HomePageTest@59fa1d9b]" name="verifyPostMessage" duration-ms="30589" started-at="2019-07-26T08:11:12Z" finished-at="2019-07-26T08:11:42Z">
          <reporter-output>
          </reporter-output>
        </test-method> <!-- verifyPostMessage -->
        <test-method status="PASS" signature="tearDown()[pri:0, instance:com.facebook.qa.testcases.HomePageTest@59fa1d9b]" name="tearDown" is-config="true" duration-ms="2100" started-at="2019-07-26T08:11:42Z" finished-at="2019-07-26T08:11:44Z">
          <reporter-output>
          </reporter-output>
        </test-method> <!-- tearDown -->
      </class> <!-- com.facebook.qa.testcases.HomePageTest -->
      <class name="com.facebook.qa.testcases.LoginPageTest">
        <test-method status="PASS" signature="setUp()[pri:0, instance:com.facebook.qa.testcases.LoginPageTest@d8355a8]" name="setUp" is-config="true" duration-ms="20883" started-at="2019-07-26T08:10:05Z" finished-at="2019-07-26T08:10:25Z">
          <reporter-output>
          </reporter-output>
        </test-method> <!-- setUp -->
        <test-method status="PASS" signature="loginFaceBook()[pri:0, instance:com.facebook.qa.testcases.LoginPageTest@d8355a8]" name="loginFaceBook" duration-ms="25534" started-at="2019-07-26T08:10:25Z" finished-at="2019-07-26T08:10:51Z">
          <reporter-output>
          </reporter-output>
        </test-method> <!-- loginFaceBook -->
        <test-method status="PASS" signature="tearDown()[pri:0, instance:com.facebook.qa.testcases.LoginPageTest@d8355a8]" name="tearDown" is-config="true" duration-ms="1315" started-at="2019-07-26T08:10:51Z" finished-at="2019-07-26T08:10:52Z">
          <reporter-output>
          </reporter-output>
        </test-method> <!-- tearDown -->
      </class> <!-- com.facebook.qa.testcases.LoginPageTest -->
    </test> <!-- Practical Assessment -->
  </suite> <!--  Automation Suite -->
</testng-results>
