<?xml version="1.0" encoding="UTF-8"?>
<!-- Generated by org.testng.reporters.JUnitXMLReporter -->
<testsuite hostname="UDAYANAND" ignored="0" name="Practical Assessment" tests="2" failures="0" timestamp="26 Jul 2019 08:11:45 GMT" time="99.957" errors="0">
  <testcase name="loginFaceBook" time="25.534" classname="com.facebook.qa.testcases.LoginPageTest"/>
  <testcase name="verifyPostMessage" time="30.589" classname="com.facebook.qa.testcases.HomePageTest"/>
</testsuite> <!-- Practical Assessment -->
